0 info it worked if it ends with ok
1 verbose cli [ '/usr/local/bin/node', '/usr/local/bin/npm', 'start' ]
2 info using npm@4.0.2
3 info using node@v6.9.1
4 verbose run-script [ 'prestart', 'start', 'poststart' ]
5 info lifecycle meteor-todos@~prestart: meteor-todos@
6 silly lifecycle meteor-todos@~prestart: no script for prestart, continuing
7 info lifecycle meteor-todos@~start: meteor-todos@
8 verbose lifecycle meteor-todos@~start: unsafe-perm in lifecycle true
9 verbose lifecycle meteor-todos@~start: PATH: /usr/local/lib/node_modules/npm/bin/node-gyp-bin:/Users/jennavuong/Desktop/PersonalProjects/meteor-todos/node_modules/.bin:/usr/local/bin:/usr/bin:/bin:/usr/sbin:/sbin
10 verbose lifecycle meteor-todos@~start: CWD: /Users/jennavuong/Desktop/PersonalProjects/meteor-todos
11 silly lifecycle meteor-todos@~start: Args: [ '-c', 'meteor run' ]
12 silly lifecycle meteor-todos@~start: Returned: code: 1  signal: null
13 info lifecycle meteor-todos@~start: Failed to exec start script
14 verbose stack Error: meteor-todos@ start: `meteor run`
14 verbose stack Exit status 1
14 verbose stack     at EventEmitter.<anonymous> (/usr/local/lib/node_modules/npm/lib/utils/lifecycle.js:279:16)
14 verbose stack     at emitTwo (events.js:106:13)
14 verbose stack     at EventEmitter.emit (events.js:191:7)
14 verbose stack     at ChildProcess.<anonymous> (/usr/local/lib/node_modules/npm/lib/utils/spawn.js:40:14)
14 verbose stack     at emitTwo (events.js:106:13)
14 verbose stack     at ChildProcess.emit (events.js:191:7)
14 verbose stack     at maybeClose (internal/child_process.js:877:16)
14 verbose stack     at Process.ChildProcess._handle.onexit (internal/child_process.js:226:5)
15 verbose pkgid meteor-todos@
16 verbose cwd /Users/jennavuong/Desktop/PersonalProjects/meteor-todos
17 error Darwin 15.6.0
18 error argv "/usr/local/bin/node" "/usr/local/bin/npm" "start"
19 error node v6.9.1
20 error npm  v4.0.2
21 error code ELIFECYCLE
22 error meteor-todos@ start: `meteor run`
22 error Exit status 1
23 error Failed at the meteor-todos@ start script 'meteor run'.
23 error Make sure you have the latest version of node.js and npm installed.
23 error If you do, this is most likely a problem with the meteor-todos package,
23 error not with npm itself.
23 error Tell the author that this fails on your system:
23 error     meteor run
23 error You can get information on how to open an issue for this project with:
23 error     npm bugs meteor-todos
23 error Or if that isn't available, you can get their info via:
23 error     npm owner ls meteor-todos
23 error There is likely additional logging output above.
24 verbose exit [ 1, true ]
